# paste-feats --length-tolerance=2 "ark:compute-mfcc-feats  --write-utt2dur=ark,t:exp/make_mfcc_svs/clean_set/utt2dur.9 --verbose=2     --config=conf/mfcc.conf scp,p:exp/make_mfcc_svs/clean_set/wav_clean_set.9.scp ark:- |" "ark,s,cs:compute-kaldi-pitch-feats --verbose=2       --config=conf/pitch.conf  scp,p:exp/make_mfcc_svs/clean_set/wav_clean_set.9.scp ark:- |     process-kaldi-pitch-feats  ark:- ark:- |" ark:- | copy-feats --compress=true --write-num-frames=ark,t:exp/make_mfcc_svs/clean_set/utt2num_frames.9 ark:- ark,scp:/data1/gs/SVS_system/preprocessing/ch_asr/mfcc_svs/raw_mfcc_pitch_clean_set.9.ark,/data1/gs/SVS_system/preprocessing/ch_asr/mfcc_svs/raw_mfcc_pitch_clean_set.9.scp 
# Started at Wed Feb 12 17:38:36 UTC 2020
#
copy-feats --compress=true --write-num-frames=ark,t:exp/make_mfcc_svs/clean_set/utt2num_frames.9 ark:- ark,scp:/data1/gs/SVS_system/preprocessing/ch_asr/mfcc_svs/raw_mfcc_pitch_clean_set.9.ark,/data1/gs/SVS_system/preprocessing/ch_asr/mfcc_svs/raw_mfcc_pitch_clean_set.9.scp 
paste-feats --length-tolerance=2 'ark:compute-mfcc-feats  --write-utt2dur=ark,t:exp/make_mfcc_svs/clean_set/utt2dur.9 --verbose=2     --config=conf/mfcc.conf scp,p:exp/make_mfcc_svs/clean_set/wav_clean_set.9.scp ark:- |' 'ark,s,cs:compute-kaldi-pitch-feats --verbose=2       --config=conf/pitch.conf  scp,p:exp/make_mfcc_svs/clean_set/wav_clean_set.9.scp ark:- |     process-kaldi-pitch-feats  ark:- ark:- |' ark:- 
compute-mfcc-feats --write-utt2dur=ark,t:exp/make_mfcc_svs/clean_set/utt2dur.9 --verbose=2 --config=conf/mfcc.conf scp,p:exp/make_mfcc_svs/clean_set/wav_clean_set.9.scp ark:- 
sox WARN rate: rate clipped 365 samples; decrease volume?
sox WARN dither: dither clipped 323 samples; decrease volume?
VLOG[2] (compute-mfcc-feats[5.5.582~1-ba92]:main():compute-mfcc-feats.cc:182) Processed features for key 04240020
process-kaldi-pitch-feats ark:- ark:- 
compute-kaldi-pitch-feats --verbose=2 --config=conf/pitch.conf scp,p:exp/make_mfcc_svs/clean_set/wav_clean_set.9.scp ark:- 
sox WARN rate: rate clipped 79 samples; decrease volume?
sox WARN dither: dither clipped 62 samples; decrease volume?
VLOG[2] (compute-mfcc-feats[5.5.582~1-ba92]:main():compute-mfcc-feats.cc:182) Processed features for key 04240021
sox WARN rate: rate clipped 1415 samples; decrease volume?
sox WARN dither: dither clipped 1256 samples; decrease volume?
VLOG[2] (compute-mfcc-feats[5.5.582~1-ba92]:main():compute-mfcc-feats.cc:182) Processed features for key 04240022
sox WARN rate: rate clipped 365 samples; decrease volume?
sox WARN dither: dither clipped 320 samples; decrease volume?
sox WARN rate: rate clipped 79 samples; decrease volume?
sox WARN dither: dither clipped 67 samples; decrease volume?
sox WARN rate: rate clipped 29 samples; decrease volume?
sox WARN dither: dither clipped 27 samples; decrease volume?
VLOG[2] (compute-mfcc-feats[5.5.582~1-ba92]:main():compute-mfcc-feats.cc:182) Processed features for key 04240023
sox WARN rate: rate clipped 1415 samples; decrease volume?
sox WARN dither: dither clipped 1244 samples; decrease volume?
sox WARN rate: rate clipped 1736 samples; decrease volume?
sox WARN dither: dither clipped 1530 samples; decrease volume?
VLOG[2] (compute-mfcc-feats[5.5.582~1-ba92]:main():compute-mfcc-feats.cc:182) Processed features for key 04240024
VLOG[2] (compute-mfcc-feats[5.5.582~1-ba92]:main():compute-mfcc-feats.cc:182) Processed features for key 04240025
sox WARN rate: rate clipped 29 samples; decrease volume?
sox WARN dither: dither clipped 26 samples; decrease volume?
sox WARN rate: rate clipped 4 samples; decrease volume?
sox WARN dither: dither clipped 4 samples; decrease volume?
VLOG[2] (compute-mfcc-feats[5.5.582~1-ba92]:main():compute-mfcc-feats.cc:182) Processed features for key 04240026
sox WARN rate: rate clipped 1736 samples; decrease volume?
sox WARN dither: dither clipped 1522 samples; decrease volume?
sox WARN rate: rate clipped 7 samples; decrease volume?
sox WARN dither: dither clipped 4 samples; decrease volume?
VLOG[2] (compute-mfcc-feats[5.5.582~1-ba92]:main():compute-mfcc-feats.cc:182) Processed features for key 04240027
sox WARN rate: rate clipped 4 samples; decrease volume?
sox WARN dither: dither clipped 3 samples; decrease volume?
sox WARN rate: rate clipped 7 samples; decrease volume?
sox WARN dither: dither clipped 7 samples; decrease volume?
VLOG[2] (compute-mfcc-feats[5.5.582~1-ba92]:main():compute-mfcc-feats.cc:182) Processed features for key 04240028
LOG (compute-mfcc-feats[5.5.582~1-ba92]:main():compute-mfcc-feats.cc:181) Processed 10 utterances
VLOG[2] (compute-mfcc-feats[5.5.582~1-ba92]:main():compute-mfcc-feats.cc:182) Processed features for key 04240029
sox WARN rate: rate clipped 491 samples; decrease volume?
sox WARN dither: dither clipped 425 samples; decrease volume?
VLOG[2] (compute-mfcc-feats[5.5.582~1-ba92]:main():compute-mfcc-feats.cc:182) Processed features for key 04240030
sox WARN rate: rate clipped 141 samples; decrease volume?
sox WARN dither: dither clipped 127 samples; decrease volume?
VLOG[2] (compute-mfcc-feats[5.5.582~1-ba92]:main():compute-mfcc-feats.cc:182) Processed features for key 04240031
sox WARN rate: rate clipped 301 samples; decrease volume?
sox WARN dither: dither clipped 260 samples; decrease volume?
VLOG[2] (compute-mfcc-feats[5.5.582~1-ba92]:main():compute-mfcc-feats.cc:182) Processed features for key 04240032
sox WARN rate: rate clipped 491 samples; decrease volume?
sox WARN dither: dither clipped 425 samples; decrease volume?
sox WARN rate: rate clipped 4 samples; decrease volume?
sox WARN dither: dither clipped 2 samples; decrease volume?
VLOG[2] (compute-mfcc-feats[5.5.582~1-ba92]:main():compute-mfcc-feats.cc:182) Processed features for key 04240033
sox WARN rate: rate clipped 1385 samples; decrease volume?
sox WARN dither: dither clipped 1218 samples; decrease volume?
sox WARN rate: rate clipped 141 samples; decrease volume?
sox WARN dither: dither clipped 121 samples; decrease volume?
VLOG[2] (compute-mfcc-feats[5.5.582~1-ba92]:main():compute-mfcc-feats.cc:182) Processed features for key 04240034
sox WARN rate: rate clipped 301 samples; decrease volume?
sox WARN dither: dither clipped 269 samples; decrease volume?
sox WARN rate: rate clipped 11 samples; decrease volume?
sox WARN dither: dither clipped 11 samples; decrease volume?
VLOG[2] (compute-mfcc-feats[5.5.582~1-ba92]:main():compute-mfcc-feats.cc:182) Processed features for key 04240035
sox WARN rate: rate clipped 4 samples; decrease volume?
sox WARN dither: dither clipped 3 samples; decrease volume?
sox WARN rate: rate clipped 1007 samples; decrease volume?
sox WARN dither: dither clipped 886 samples; decrease volume?
VLOG[2] (compute-mfcc-feats[5.5.582~1-ba92]:main():compute-mfcc-feats.cc:182) Processed features for key 04240036
sox WARN rate: rate clipped 2 samples; decrease volume?
sox WARN dither: dither clipped 2 samples; decrease volume?
sox WARN rate: rate clipped 1385 samples; decrease volume?
sox WARN dither: dither clipped 1223 samples; decrease volume?
VLOG[2] (compute-mfcc-feats[5.5.582~1-ba92]:main():compute-mfcc-feats.cc:182) Processed features for key 04240037
sox WARN rate: rate clipped 11 samples; decrease volume?
sox WARN dither: dither clipped 11 samples; decrease volume?
sox WARN rate: rate clipped 1007 samples; decrease volume?
sox WARN dither: dither clipped 876 samples; decrease volume?
VLOG[2] (compute-mfcc-feats[5.5.582~1-ba92]:main():compute-mfcc-feats.cc:182) Processed features for key 04240038
sox WARN rate: rate clipped 2 samples; decrease volume?
sox WARN dither: dither clipped 2 samples; decrease volume?
LOG (compute-mfcc-feats[5.5.582~1-ba92]:main():compute-mfcc-feats.cc:181) Processed 20 utterances
VLOG[2] (compute-mfcc-feats[5.5.582~1-ba92]:main():compute-mfcc-feats.cc:182) Processed features for key 04250001
LOG (compute-mfcc-feats[5.5.582~1-ba92]:main():compute-mfcc-feats.cc:185)  Done 20 out of 20 utterances.
LOG (compute-kaldi-pitch-feats[5.5.582~1-ba92]:main():compute-kaldi-pitch-feats.cc:110) Done 20 utterances, 0 with errors.
LOG (process-kaldi-pitch-feats[5.5.582~1-ba92]:main():process-kaldi-pitch-feats.cc:85) Post-processed pitch for 20 utterances.
LOG (paste-feats[5.5.582~1-ba92]:main():paste-feats.cc:158) Done 20 utts, errors on 0
LOG (copy-feats[5.5.582~1-ba92]:main():copy-feats.cc:143) Copied 20 feature matrices.
# Accounting: time=3 threads=1
# Ended (code 0) at Wed Feb 12 17:38:39 UTC 2020, elapsed time 3 seconds
