# compute-mfcc-feats --write-utt2dur=ark,t:exp/make_mfcc_svs/clean_set/utt2dur.30 --verbose=2 --config=conf/mfcc.conf scp,p:exp/make_mfcc_svs/clean_set/wav_clean_set.30.scp ark:- | copy-feats --write-num-frames=ark,t:exp/make_mfcc_svs/clean_set/utt2num_frames.30 --compress=true ark:- ark,scp:/data1/gs/SVS_system/preprocessing/ch_asr/mfcc_svs/raw_mfcc_clean_set.30.ark,/data1/gs/SVS_system/preprocessing/ch_asr/mfcc_svs/raw_mfcc_clean_set.30.scp 
# Started at Wed Feb 12 17:22:46 UTC 2020
#
copy-feats --write-num-frames=ark,t:exp/make_mfcc_svs/clean_set/utt2num_frames.30 --compress=true ark:- ark,scp:/data1/gs/SVS_system/preprocessing/ch_asr/mfcc_svs/raw_mfcc_clean_set.30.ark,/data1/gs/SVS_system/preprocessing/ch_asr/mfcc_svs/raw_mfcc_clean_set.30.scp 
compute-mfcc-feats --write-utt2dur=ark,t:exp/make_mfcc_svs/clean_set/utt2dur.30 --verbose=2 --config=conf/mfcc.conf scp,p:exp/make_mfcc_svs/clean_set/wav_clean_set.30.scp ark:- 
VLOG[2] (compute-mfcc-feats[5.5.582~1-ba92]:main():compute-mfcc-feats.cc:182) Processed features for key 04340001
VLOG[2] (compute-mfcc-feats[5.5.582~1-ba92]:main():compute-mfcc-feats.cc:182) Processed features for key 04340002
VLOG[2] (compute-mfcc-feats[5.5.582~1-ba92]:main():compute-mfcc-feats.cc:182) Processed features for key 04340003
VLOG[2] (compute-mfcc-feats[5.5.582~1-ba92]:main():compute-mfcc-feats.cc:182) Processed features for key 04340004
VLOG[2] (compute-mfcc-feats[5.5.582~1-ba92]:main():compute-mfcc-feats.cc:182) Processed features for key 04340005
VLOG[2] (compute-mfcc-feats[5.5.582~1-ba92]:main():compute-mfcc-feats.cc:182) Processed features for key 04340006
VLOG[2] (compute-mfcc-feats[5.5.582~1-ba92]:main():compute-mfcc-feats.cc:182) Processed features for key 04340007
VLOG[2] (compute-mfcc-feats[5.5.582~1-ba92]:main():compute-mfcc-feats.cc:182) Processed features for key 04340008
VLOG[2] (compute-mfcc-feats[5.5.582~1-ba92]:main():compute-mfcc-feats.cc:182) Processed features for key 04340009
LOG (compute-mfcc-feats[5.5.582~1-ba92]:main():compute-mfcc-feats.cc:181) Processed 10 utterances
VLOG[2] (compute-mfcc-feats[5.5.582~1-ba92]:main():compute-mfcc-feats.cc:182) Processed features for key 04340010
VLOG[2] (compute-mfcc-feats[5.5.582~1-ba92]:main():compute-mfcc-feats.cc:182) Processed features for key 04340011
VLOG[2] (compute-mfcc-feats[5.5.582~1-ba92]:main():compute-mfcc-feats.cc:182) Processed features for key 04340012
VLOG[2] (compute-mfcc-feats[5.5.582~1-ba92]:main():compute-mfcc-feats.cc:182) Processed features for key 04340013
VLOG[2] (compute-mfcc-feats[5.5.582~1-ba92]:main():compute-mfcc-feats.cc:182) Processed features for key 04340014
VLOG[2] (compute-mfcc-feats[5.5.582~1-ba92]:main():compute-mfcc-feats.cc:182) Processed features for key 04340015
VLOG[2] (compute-mfcc-feats[5.5.582~1-ba92]:main():compute-mfcc-feats.cc:182) Processed features for key 04340016
VLOG[2] (compute-mfcc-feats[5.5.582~1-ba92]:main():compute-mfcc-feats.cc:182) Processed features for key 04340017
VLOG[2] (compute-mfcc-feats[5.5.582~1-ba92]:main():compute-mfcc-feats.cc:182) Processed features for key 04340018
VLOG[2] (compute-mfcc-feats[5.5.582~1-ba92]:main():compute-mfcc-feats.cc:182) Processed features for key 04340019
LOG (compute-mfcc-feats[5.5.582~1-ba92]:main():compute-mfcc-feats.cc:185)  Done 19 out of 19 utterances.
LOG (copy-feats[5.5.582~1-ba92]:main():copy-feats.cc:143) Copied 19 feature matrices.
# Accounting: time=1 threads=1
# Ended (code 0) at Wed Feb 12 17:22:47 UTC 2020, elapsed time 1 seconds
