# paste-feats --length-tolerance=2 "ark:compute-mfcc-feats  --write-utt2dur=ark,t:exp/make_mfcc_svs/clean_set/utt2dur.24 --verbose=2     --config=conf/mfcc.conf scp,p:exp/make_mfcc_svs/clean_set/wav_clean_set.24.scp ark:- |" "ark,s,cs:compute-kaldi-pitch-feats --verbose=2       --config=conf/pitch.conf  scp,p:exp/make_mfcc_svs/clean_set/wav_clean_set.24.scp ark:- |     process-kaldi-pitch-feats  ark:- ark:- |" ark:- | copy-feats --compress=true --write-num-frames=ark,t:exp/make_mfcc_svs/clean_set/utt2num_frames.24 ark:- ark,scp:/data1/gs/SVS_system/preprocessing/ch_asr/mfcc_svs/raw_mfcc_pitch_clean_set.24.ark,/data1/gs/SVS_system/preprocessing/ch_asr/mfcc_svs/raw_mfcc_pitch_clean_set.24.scp 
# Started at Wed Feb 12 17:38:43 UTC 2020
#
paste-feats --length-tolerance=2 'ark:compute-mfcc-feats  --write-utt2dur=ark,t:exp/make_mfcc_svs/clean_set/utt2dur.24 --verbose=2     --config=conf/mfcc.conf scp,p:exp/make_mfcc_svs/clean_set/wav_clean_set.24.scp ark:- |' 'ark,s,cs:compute-kaldi-pitch-feats --verbose=2       --config=conf/pitch.conf  scp,p:exp/make_mfcc_svs/clean_set/wav_clean_set.24.scp ark:- |     process-kaldi-pitch-feats  ark:- ark:- |' ark:- 
copy-feats --compress=true --write-num-frames=ark,t:exp/make_mfcc_svs/clean_set/utt2num_frames.24 ark:- ark,scp:/data1/gs/SVS_system/preprocessing/ch_asr/mfcc_svs/raw_mfcc_pitch_clean_set.24.ark,/data1/gs/SVS_system/preprocessing/ch_asr/mfcc_svs/raw_mfcc_pitch_clean_set.24.scp 
compute-mfcc-feats --write-utt2dur=ark,t:exp/make_mfcc_svs/clean_set/utt2dur.24 --verbose=2 --config=conf/mfcc.conf scp,p:exp/make_mfcc_svs/clean_set/wav_clean_set.24.scp ark:- 
VLOG[2] (compute-mfcc-feats[5.5.582~1-ba92]:main():compute-mfcc-feats.cc:182) Processed features for key 04310012
VLOG[2] (compute-mfcc-feats[5.5.582~1-ba92]:main():compute-mfcc-feats.cc:182) Processed features for key 04310013
process-kaldi-pitch-feats ark:- ark:- 
compute-kaldi-pitch-feats --verbose=2 --config=conf/pitch.conf scp,p:exp/make_mfcc_svs/clean_set/wav_clean_set.24.scp ark:- 
VLOG[2] (compute-mfcc-feats[5.5.582~1-ba92]:main():compute-mfcc-feats.cc:182) Processed features for key 04310014
VLOG[2] (compute-mfcc-feats[5.5.582~1-ba92]:main():compute-mfcc-feats.cc:182) Processed features for key 04310015
VLOG[2] (compute-mfcc-feats[5.5.582~1-ba92]:main():compute-mfcc-feats.cc:182) Processed features for key 04310016
VLOG[2] (compute-mfcc-feats[5.5.582~1-ba92]:main():compute-mfcc-feats.cc:182) Processed features for key 04310017
VLOG[2] (compute-mfcc-feats[5.5.582~1-ba92]:main():compute-mfcc-feats.cc:182) Processed features for key 04310018
VLOG[2] (compute-mfcc-feats[5.5.582~1-ba92]:main():compute-mfcc-feats.cc:182) Processed features for key 04310019
VLOG[2] (compute-mfcc-feats[5.5.582~1-ba92]:main():compute-mfcc-feats.cc:182) Processed features for key 04310020
LOG (compute-mfcc-feats[5.5.582~1-ba92]:main():compute-mfcc-feats.cc:181) Processed 10 utterances
VLOG[2] (compute-mfcc-feats[5.5.582~1-ba92]:main():compute-mfcc-feats.cc:182) Processed features for key 04310021
VLOG[2] (compute-mfcc-feats[5.5.582~1-ba92]:main():compute-mfcc-feats.cc:182) Processed features for key 04310022
VLOG[2] (compute-mfcc-feats[5.5.582~1-ba92]:main():compute-mfcc-feats.cc:182) Processed features for key 04310023
VLOG[2] (compute-mfcc-feats[5.5.582~1-ba92]:main():compute-mfcc-feats.cc:182) Processed features for key 04310024
VLOG[2] (compute-mfcc-feats[5.5.582~1-ba92]:main():compute-mfcc-feats.cc:182) Processed features for key 04310025
VLOG[2] (compute-mfcc-feats[5.5.582~1-ba92]:main():compute-mfcc-feats.cc:182) Processed features for key 04310026
VLOG[2] (compute-mfcc-feats[5.5.582~1-ba92]:main():compute-mfcc-feats.cc:182) Processed features for key 04310027
VLOG[2] (compute-mfcc-feats[5.5.582~1-ba92]:main():compute-mfcc-feats.cc:182) Processed features for key 04310028
VLOG[2] (compute-mfcc-feats[5.5.582~1-ba92]:main():compute-mfcc-feats.cc:182) Processed features for key 04310029
VLOG[2] (compute-mfcc-feats[5.5.582~1-ba92]:main():compute-mfcc-feats.cc:182) Processed features for key 04310030
LOG (compute-mfcc-feats[5.5.582~1-ba92]:main():compute-mfcc-feats.cc:185)  Done 19 out of 19 utterances.
LOG (compute-kaldi-pitch-feats[5.5.582~1-ba92]:main():compute-kaldi-pitch-feats.cc:110) Done 19 utterances, 0 with errors.
LOG (process-kaldi-pitch-feats[5.5.582~1-ba92]:main():process-kaldi-pitch-feats.cc:85) Post-processed pitch for 19 utterances.
LOG (paste-feats[5.5.582~1-ba92]:main():paste-feats.cc:158) Done 19 utts, errors on 0
LOG (copy-feats[5.5.582~1-ba92]:main():copy-feats.cc:143) Copied 19 feature matrices.
# Accounting: time=3 threads=1
# Ended (code 0) at Wed Feb 12 17:38:46 UTC 2020, elapsed time 3 seconds
