# paste-feats --length-tolerance=2 "ark:compute-mfcc-feats  --write-utt2dur=ark,t:exp/make_mfcc_svs/clean_set/utt2dur.22 --verbose=2     --config=conf/mfcc.conf scp,p:exp/make_mfcc_svs/clean_set/wav_clean_set.22.scp ark:- |" "ark,s,cs:compute-kaldi-pitch-feats --verbose=2       --config=conf/pitch.conf  scp,p:exp/make_mfcc_svs/clean_set/wav_clean_set.22.scp ark:- |     process-kaldi-pitch-feats  ark:- ark:- |" ark:- | copy-feats --compress=true --write-num-frames=ark,t:exp/make_mfcc_svs/clean_set/utt2num_frames.22 ark:- ark,scp:/data1/gs/SVS_system/preprocessing/ch_asr/mfcc_svs/raw_mfcc_pitch_clean_set.22.ark,/data1/gs/SVS_system/preprocessing/ch_asr/mfcc_svs/raw_mfcc_pitch_clean_set.22.scp 
# Started at Wed Feb 12 17:38:41 UTC 2020
#
copy-feats --compress=true --write-num-frames=ark,t:exp/make_mfcc_svs/clean_set/utt2num_frames.22 ark:- ark,scp:/data1/gs/SVS_system/preprocessing/ch_asr/mfcc_svs/raw_mfcc_pitch_clean_set.22.ark,/data1/gs/SVS_system/preprocessing/ch_asr/mfcc_svs/raw_mfcc_pitch_clean_set.22.scp 
paste-feats --length-tolerance=2 'ark:compute-mfcc-feats  --write-utt2dur=ark,t:exp/make_mfcc_svs/clean_set/utt2dur.22 --verbose=2     --config=conf/mfcc.conf scp,p:exp/make_mfcc_svs/clean_set/wav_clean_set.22.scp ark:- |' 'ark,s,cs:compute-kaldi-pitch-feats --verbose=2       --config=conf/pitch.conf  scp,p:exp/make_mfcc_svs/clean_set/wav_clean_set.22.scp ark:- |     process-kaldi-pitch-feats  ark:- ark:- |' ark:- 
compute-mfcc-feats --write-utt2dur=ark,t:exp/make_mfcc_svs/clean_set/utt2dur.22 --verbose=2 --config=conf/mfcc.conf scp,p:exp/make_mfcc_svs/clean_set/wav_clean_set.22.scp ark:- 
VLOG[2] (compute-mfcc-feats[5.5.582~1-ba92]:main():compute-mfcc-feats.cc:182) Processed features for key 04300022
process-kaldi-pitch-feats ark:- ark:- 
compute-kaldi-pitch-feats --verbose=2 --config=conf/pitch.conf scp,p:exp/make_mfcc_svs/clean_set/wav_clean_set.22.scp ark:- 
VLOG[2] (compute-mfcc-feats[5.5.582~1-ba92]:main():compute-mfcc-feats.cc:182) Processed features for key 04300023
VLOG[2] (compute-mfcc-feats[5.5.582~1-ba92]:main():compute-mfcc-feats.cc:182) Processed features for key 04300024
VLOG[2] (compute-mfcc-feats[5.5.582~1-ba92]:main():compute-mfcc-feats.cc:182) Processed features for key 04300025
VLOG[2] (compute-mfcc-feats[5.5.582~1-ba92]:main():compute-mfcc-feats.cc:182) Processed features for key 04300026
VLOG[2] (compute-mfcc-feats[5.5.582~1-ba92]:main():compute-mfcc-feats.cc:182) Processed features for key 04300027
VLOG[2] (compute-mfcc-feats[5.5.582~1-ba92]:main():compute-mfcc-feats.cc:182) Processed features for key 04300028
VLOG[2] (compute-mfcc-feats[5.5.582~1-ba92]:main():compute-mfcc-feats.cc:182) Processed features for key 04300029
VLOG[2] (compute-mfcc-feats[5.5.582~1-ba92]:main():compute-mfcc-feats.cc:182) Processed features for key 04300030
LOG (compute-mfcc-feats[5.5.582~1-ba92]:main():compute-mfcc-feats.cc:181) Processed 10 utterances
VLOG[2] (compute-mfcc-feats[5.5.582~1-ba92]:main():compute-mfcc-feats.cc:182) Processed features for key 04300031
VLOG[2] (compute-mfcc-feats[5.5.582~1-ba92]:main():compute-mfcc-feats.cc:182) Processed features for key 04300032
VLOG[2] (compute-mfcc-feats[5.5.582~1-ba92]:main():compute-mfcc-feats.cc:182) Processed features for key 04300033
VLOG[2] (compute-mfcc-feats[5.5.582~1-ba92]:main():compute-mfcc-feats.cc:182) Processed features for key 04300034
VLOG[2] (compute-mfcc-feats[5.5.582~1-ba92]:main():compute-mfcc-feats.cc:182) Processed features for key 04300035
VLOG[2] (compute-mfcc-feats[5.5.582~1-ba92]:main():compute-mfcc-feats.cc:182) Processed features for key 04300036
VLOG[2] (compute-mfcc-feats[5.5.582~1-ba92]:main():compute-mfcc-feats.cc:182) Processed features for key 04300037
VLOG[2] (compute-mfcc-feats[5.5.582~1-ba92]:main():compute-mfcc-feats.cc:182) Processed features for key 04300038
VLOG[2] (compute-mfcc-feats[5.5.582~1-ba92]:main():compute-mfcc-feats.cc:182) Processed features for key 04300039
VLOG[2] (compute-mfcc-feats[5.5.582~1-ba92]:main():compute-mfcc-feats.cc:182) Processed features for key 04300040
LOG (compute-mfcc-feats[5.5.582~1-ba92]:main():compute-mfcc-feats.cc:185)  Done 19 out of 19 utterances.
LOG (compute-kaldi-pitch-feats[5.5.582~1-ba92]:main():compute-kaldi-pitch-feats.cc:110) Done 19 utterances, 0 with errors.
LOG (process-kaldi-pitch-feats[5.5.582~1-ba92]:main():process-kaldi-pitch-feats.cc:85) Post-processed pitch for 19 utterances.
LOG (paste-feats[5.5.582~1-ba92]:main():paste-feats.cc:158) Done 19 utts, errors on 0
LOG (copy-feats[5.5.582~1-ba92]:main():copy-feats.cc:143) Copied 19 feature matrices.
# Accounting: time=3 threads=1
# Ended (code 0) at Wed Feb 12 17:38:44 UTC 2020, elapsed time 3 seconds
