# paste-feats --length-tolerance=2 "ark:compute-mfcc-feats  --write-utt2dur=ark,t:exp/make_mfcc_svs/clean_set/utt2dur.13 --verbose=2     --config=conf/mfcc.conf scp,p:exp/make_mfcc_svs/clean_set/wav_clean_set.13.scp ark:- |" "ark,s,cs:compute-kaldi-pitch-feats --verbose=2       --config=conf/pitch.conf  scp,p:exp/make_mfcc_svs/clean_set/wav_clean_set.13.scp ark:- |     process-kaldi-pitch-feats  ark:- ark:- |" ark:- | copy-feats --compress=true --write-num-frames=ark,t:exp/make_mfcc_svs/clean_set/utt2num_frames.13 ark:- ark,scp:/data1/gs/SVS_system/preprocessing/ch_asr/mfcc_svs/raw_mfcc_pitch_clean_set.13.ark,/data1/gs/SVS_system/preprocessing/ch_asr/mfcc_svs/raw_mfcc_pitch_clean_set.13.scp 
# Started at Wed Feb 12 17:38:36 UTC 2020
#
copy-feats --compress=true --write-num-frames=ark,t:exp/make_mfcc_svs/clean_set/utt2num_frames.13 ark:- ark,scp:/data1/gs/SVS_system/preprocessing/ch_asr/mfcc_svs/raw_mfcc_pitch_clean_set.13.ark,/data1/gs/SVS_system/preprocessing/ch_asr/mfcc_svs/raw_mfcc_pitch_clean_set.13.scp 
paste-feats --length-tolerance=2 'ark:compute-mfcc-feats  --write-utt2dur=ark,t:exp/make_mfcc_svs/clean_set/utt2dur.13 --verbose=2     --config=conf/mfcc.conf scp,p:exp/make_mfcc_svs/clean_set/wav_clean_set.13.scp ark:- |' 'ark,s,cs:compute-kaldi-pitch-feats --verbose=2       --config=conf/pitch.conf  scp,p:exp/make_mfcc_svs/clean_set/wav_clean_set.13.scp ark:- |     process-kaldi-pitch-feats  ark:- ark:- |' ark:- 
compute-mfcc-feats --write-utt2dur=ark,t:exp/make_mfcc_svs/clean_set/utt2dur.13 --verbose=2 --config=conf/mfcc.conf scp,p:exp/make_mfcc_svs/clean_set/wav_clean_set.13.scp ark:- 
sox WARN rate: rate clipped 3 samples; decrease volume?
sox WARN dither: dither clipped 3 samples; decrease volume?
VLOG[2] (compute-mfcc-feats[5.5.582~1-ba92]:main():compute-mfcc-feats.cc:182) Processed features for key 04260013
compute-kaldi-pitch-feats --verbose=2 --config=conf/pitch.conf scp,p:exp/make_mfcc_svs/clean_set/wav_clean_set.13.scp ark:- 
sox WARN rate: rate clipped 9 samples; decrease volume?
sox WARN dither: dither clipped 8 samples; decrease volume?
VLOG[2] (compute-mfcc-feats[5.5.582~1-ba92]:main():compute-mfcc-feats.cc:182) Processed features for key 04260014
process-kaldi-pitch-feats ark:- ark:- 
sox WARN rate: rate clipped 3 samples; decrease volume?
sox WARN dither: dither clipped 2 samples; decrease volume?
sox WARN rate: rate clipped 82 samples; decrease volume?
sox WARN dither: dither clipped 78 samples; decrease volume?
sox WARN rate: rate clipped 9 samples; decrease volume?
sox WARN dither: dither clipped 7 samples; decrease volume?
VLOG[2] (compute-mfcc-feats[5.5.582~1-ba92]:main():compute-mfcc-feats.cc:182) Processed features for key 04260015
sox WARN rate: rate clipped 24 samples; decrease volume?
sox WARN dither: dither clipped 17 samples; decrease volume?
VLOG[2] (compute-mfcc-feats[5.5.582~1-ba92]:main():compute-mfcc-feats.cc:182) Processed features for key 04260016
sox WARN rate: rate clipped 82 samples; decrease volume?
sox WARN dither: dither clipped 68 samples; decrease volume?
sox WARN rate: rate clipped 24 samples; decrease volume?
sox WARN dither: dither clipped 21 samples; decrease volume?
sox WARN rate: rate clipped 122 samples; decrease volume?
sox WARN dither: dither clipped 105 samples; decrease volume?
sox WARN rate: rate clipped 122 samples; decrease volume?
sox WARN dither: dither clipped 107 samples; decrease volume?
VLOG[2] (compute-mfcc-feats[5.5.582~1-ba92]:main():compute-mfcc-feats.cc:182) Processed features for key 04260017
sox WARN rate: rate clipped 554 samples; decrease volume?
sox WARN dither: dither clipped 480 samples; decrease volume?
sox WARN rate: rate clipped 554 samples; decrease volume?
sox WARN dither: dither clipped 480 samples; decrease volume?
sox WARN rate: rate clipped 79 samples; decrease volume?
sox WARN dither: dither clipped 68 samples; decrease volume?
VLOG[2] (compute-mfcc-feats[5.5.582~1-ba92]:main():compute-mfcc-feats.cc:182) Processed features for key 04260018
sox WARN rate: rate clipped 79 samples; decrease volume?
sox WARN dither: dither clipped 71 samples; decrease volume?
VLOG[2] (compute-mfcc-feats[5.5.582~1-ba92]:main():compute-mfcc-feats.cc:182) Processed features for key 04260019
sox WARN rate: rate clipped 675 samples; decrease volume?
sox WARN dither: dither clipped 589 samples; decrease volume?
VLOG[2] (compute-mfcc-feats[5.5.582~1-ba92]:main():compute-mfcc-feats.cc:182) Processed features for key 04260020
sox WARN rate: rate clipped 675 samples; decrease volume?
sox WARN dither: dither clipped 604 samples; decrease volume?
sox WARN rate: rate clipped 1170 samples; decrease volume?
sox WARN dither: dither clipped 1031 samples; decrease volume?
VLOG[2] (compute-mfcc-feats[5.5.582~1-ba92]:main():compute-mfcc-feats.cc:182) Processed features for key 04260021
sox WARN rate: rate clipped 40 samples; decrease volume?
sox WARN dither: dither clipped 38 samples; decrease volume?
LOG (compute-mfcc-feats[5.5.582~1-ba92]:main():compute-mfcc-feats.cc:181) Processed 10 utterances
VLOG[2] (compute-mfcc-feats[5.5.582~1-ba92]:main():compute-mfcc-feats.cc:182) Processed features for key 04260022
sox WARN rate: rate clipped 1170 samples; decrease volume?
sox WARN dither: dither clipped 1039 samples; decrease volume?
sox WARN rate: rate clipped 926 samples; decrease volume?
sox WARN dither: dither clipped 803 samples; decrease volume?
VLOG[2] (compute-mfcc-feats[5.5.582~1-ba92]:main():compute-mfcc-feats.cc:182) Processed features for key 04260023
sox WARN rate: rate clipped 40 samples; decrease volume?
sox WARN dither: dither clipped 35 samples; decrease volume?
sox WARN rate: rate clipped 1806 samples; decrease volume?
sox WARN dither: dither clipped 1566 samples; decrease volume?
sox WARN rate: rate clipped 926 samples; decrease volume?
sox WARN dither: dither clipped 818 samples; decrease volume?
VLOG[2] (compute-mfcc-feats[5.5.582~1-ba92]:main():compute-mfcc-feats.cc:182) Processed features for key 04260024
sox WARN rate: rate clipped 1806 samples; decrease volume?
sox WARN dither: dither clipped 1592 samples; decrease volume?
sox WARN rate: rate clipped 594 samples; decrease volume?
sox WARN dither: dither clipped 511 samples; decrease volume?
VLOG[2] (compute-mfcc-feats[5.5.582~1-ba92]:main():compute-mfcc-feats.cc:182) Processed features for key 04260025
sox WARN rate: rate clipped 198 samples; decrease volume?
sox WARN dither: dither clipped 168 samples; decrease volume?
VLOG[2] (compute-mfcc-feats[5.5.582~1-ba92]:main():compute-mfcc-feats.cc:182) Processed features for key 04260026
sox WARN rate: rate clipped 594 samples; decrease volume?
sox WARN dither: dither clipped 521 samples; decrease volume?
sox WARN rate: rate clipped 8 samples; decrease volume?
sox WARN dither: dither clipped 7 samples; decrease volume?
VLOG[2] (compute-mfcc-feats[5.5.582~1-ba92]:main():compute-mfcc-feats.cc:182) Processed features for key 04260027
VLOG[2] (compute-mfcc-feats[5.5.582~1-ba92]:main():compute-mfcc-feats.cc:182) Processed features for key 04260028
sox WARN rate: rate clipped 198 samples; decrease volume?
sox WARN dither: dither clipped 171 samples; decrease volume?
sox WARN rate: rate clipped 9 samples; decrease volume?
sox WARN dither: dither clipped 9 samples; decrease volume?
VLOG[2] (compute-mfcc-feats[5.5.582~1-ba92]:main():compute-mfcc-feats.cc:182) Processed features for key 04260029
sox WARN rate: rate clipped 8 samples; decrease volume?
sox WARN dither: dither clipped 6 samples; decrease volume?
VLOG[2] (compute-mfcc-feats[5.5.582~1-ba92]:main():compute-mfcc-feats.cc:182) Processed features for key 04270001
VLOG[2] (compute-mfcc-feats[5.5.582~1-ba92]:main():compute-mfcc-feats.cc:182) Processed features for key 04270002
sox WARN rate: rate clipped 9 samples; decrease volume?
sox WARN dither: dither clipped 9 samples; decrease volume?
LOG (compute-mfcc-feats[5.5.582~1-ba92]:main():compute-mfcc-feats.cc:181) Processed 20 utterances
VLOG[2] (compute-mfcc-feats[5.5.582~1-ba92]:main():compute-mfcc-feats.cc:182) Processed features for key 04270003
LOG (compute-mfcc-feats[5.5.582~1-ba92]:main():compute-mfcc-feats.cc:185)  Done 20 out of 20 utterances.
LOG (compute-kaldi-pitch-feats[5.5.582~1-ba92]:main():compute-kaldi-pitch-feats.cc:110) Done 20 utterances, 0 with errors.
LOG (process-kaldi-pitch-feats[5.5.582~1-ba92]:main():process-kaldi-pitch-feats.cc:85) Post-processed pitch for 20 utterances.
LOG (paste-feats[5.5.582~1-ba92]:main():paste-feats.cc:158) Done 20 utts, errors on 0
LOG (copy-feats[5.5.582~1-ba92]:main():copy-feats.cc:143) Copied 20 feature matrices.
# Accounting: time=4 threads=1
# Ended (code 0) at Wed Feb 12 17:38:40 UTC 2020, elapsed time 4 seconds
