# compute-mfcc-feats --write-utt2dur=ark,t:exp/make_mfcc_svs/other_set/utt2dur.2 --verbose=2 --config=conf/mfcc.conf scp,p:exp/make_mfcc_svs/other_set/wav_other_set.2.scp ark:- | copy-feats --write-num-frames=ark,t:exp/make_mfcc_svs/other_set/utt2num_frames.2 --compress=true ark:- ark,scp:/data1/gs/SVS_system/preprocessing/ch_asr/mfcc_svs/raw_mfcc_other_set.2.ark,/data1/gs/SVS_system/preprocessing/ch_asr/mfcc_svs/raw_mfcc_other_set.2.scp 
# Started at Wed Feb 12 17:22:48 UTC 2020
#
copy-feats --write-num-frames=ark,t:exp/make_mfcc_svs/other_set/utt2num_frames.2 --compress=true ark:- ark,scp:/data1/gs/SVS_system/preprocessing/ch_asr/mfcc_svs/raw_mfcc_other_set.2.ark,/data1/gs/SVS_system/preprocessing/ch_asr/mfcc_svs/raw_mfcc_other_set.2.scp 
compute-mfcc-feats --write-utt2dur=ark,t:exp/make_mfcc_svs/other_set/utt2dur.2 --verbose=2 --config=conf/mfcc.conf scp,p:exp/make_mfcc_svs/other_set/wav_other_set.2.scp ark:- 
VLOG[2] (compute-mfcc-feats[5.5.582~1-ba92]:main():compute-mfcc-feats.cc:182) Processed features for key 00050007
VLOG[2] (compute-mfcc-feats[5.5.582~1-ba92]:main():compute-mfcc-feats.cc:182) Processed features for key 00050008
VLOG[2] (compute-mfcc-feats[5.5.582~1-ba92]:main():compute-mfcc-feats.cc:182) Processed features for key 00050009
VLOG[2] (compute-mfcc-feats[5.5.582~1-ba92]:main():compute-mfcc-feats.cc:182) Processed features for key 00060001
VLOG[2] (compute-mfcc-feats[5.5.582~1-ba92]:main():compute-mfcc-feats.cc:182) Processed features for key 00060002
VLOG[2] (compute-mfcc-feats[5.5.582~1-ba92]:main():compute-mfcc-feats.cc:182) Processed features for key 00060003
VLOG[2] (compute-mfcc-feats[5.5.582~1-ba92]:main():compute-mfcc-feats.cc:182) Processed features for key 00060004
VLOG[2] (compute-mfcc-feats[5.5.582~1-ba92]:main():compute-mfcc-feats.cc:182) Processed features for key 00060005
VLOG[2] (compute-mfcc-feats[5.5.582~1-ba92]:main():compute-mfcc-feats.cc:182) Processed features for key 00060006
LOG (compute-mfcc-feats[5.5.582~1-ba92]:main():compute-mfcc-feats.cc:181) Processed 10 utterances
VLOG[2] (compute-mfcc-feats[5.5.582~1-ba92]:main():compute-mfcc-feats.cc:182) Processed features for key 00070001
VLOG[2] (compute-mfcc-feats[5.5.582~1-ba92]:main():compute-mfcc-feats.cc:182) Processed features for key 00070002
VLOG[2] (compute-mfcc-feats[5.5.582~1-ba92]:main():compute-mfcc-feats.cc:182) Processed features for key 00070003
VLOG[2] (compute-mfcc-feats[5.5.582~1-ba92]:main():compute-mfcc-feats.cc:182) Processed features for key 00070004
VLOG[2] (compute-mfcc-feats[5.5.582~1-ba92]:main():compute-mfcc-feats.cc:182) Processed features for key 00070005
VLOG[2] (compute-mfcc-feats[5.5.582~1-ba92]:main():compute-mfcc-feats.cc:182) Processed features for key 00070006
VLOG[2] (compute-mfcc-feats[5.5.582~1-ba92]:main():compute-mfcc-feats.cc:182) Processed features for key 00080001
VLOG[2] (compute-mfcc-feats[5.5.582~1-ba92]:main():compute-mfcc-feats.cc:182) Processed features for key 00080002
VLOG[2] (compute-mfcc-feats[5.5.582~1-ba92]:main():compute-mfcc-feats.cc:182) Processed features for key 00080003
VLOG[2] (compute-mfcc-feats[5.5.582~1-ba92]:main():compute-mfcc-feats.cc:182) Processed features for key 00080004
LOG (compute-mfcc-feats[5.5.582~1-ba92]:main():compute-mfcc-feats.cc:181) Processed 20 utterances
VLOG[2] (compute-mfcc-feats[5.5.582~1-ba92]:main():compute-mfcc-feats.cc:182) Processed features for key 00080005
VLOG[2] (compute-mfcc-feats[5.5.582~1-ba92]:main():compute-mfcc-feats.cc:182) Processed features for key 00080006
VLOG[2] (compute-mfcc-feats[5.5.582~1-ba92]:main():compute-mfcc-feats.cc:182) Processed features for key 00080007
VLOG[2] (compute-mfcc-feats[5.5.582~1-ba92]:main():compute-mfcc-feats.cc:182) Processed features for key 00080020
VLOG[2] (compute-mfcc-feats[5.5.582~1-ba92]:main():compute-mfcc-feats.cc:182) Processed features for key 00080025
VLOG[2] (compute-mfcc-feats[5.5.582~1-ba92]:main():compute-mfcc-feats.cc:182) Processed features for key 00080026
VLOG[2] (compute-mfcc-feats[5.5.582~1-ba92]:main():compute-mfcc-feats.cc:182) Processed features for key 00080027
VLOG[2] (compute-mfcc-feats[5.5.582~1-ba92]:main():compute-mfcc-feats.cc:182) Processed features for key 00090001
VLOG[2] (compute-mfcc-feats[5.5.582~1-ba92]:main():compute-mfcc-feats.cc:182) Processed features for key 00090002
VLOG[2] (compute-mfcc-feats[5.5.582~1-ba92]:main():compute-mfcc-feats.cc:182) Processed features for key 00090003
LOG (compute-mfcc-feats[5.5.582~1-ba92]:main():compute-mfcc-feats.cc:181) Processed 30 utterances
VLOG[2] (compute-mfcc-feats[5.5.582~1-ba92]:main():compute-mfcc-feats.cc:182) Processed features for key 00090004
VLOG[2] (compute-mfcc-feats[5.5.582~1-ba92]:main():compute-mfcc-feats.cc:182) Processed features for key 00100001
VLOG[2] (compute-mfcc-feats[5.5.582~1-ba92]:main():compute-mfcc-feats.cc:182) Processed features for key 00100002
VLOG[2] (compute-mfcc-feats[5.5.582~1-ba92]:main():compute-mfcc-feats.cc:182) Processed features for key 00100003
VLOG[2] (compute-mfcc-feats[5.5.582~1-ba92]:main():compute-mfcc-feats.cc:182) Processed features for key 00100004
VLOG[2] (compute-mfcc-feats[5.5.582~1-ba92]:main():compute-mfcc-feats.cc:182) Processed features for key 00100005
VLOG[2] (compute-mfcc-feats[5.5.582~1-ba92]:main():compute-mfcc-feats.cc:182) Processed features for key 00100006
VLOG[2] (compute-mfcc-feats[5.5.582~1-ba92]:main():compute-mfcc-feats.cc:182) Processed features for key 00100007
VLOG[2] (compute-mfcc-feats[5.5.582~1-ba92]:main():compute-mfcc-feats.cc:182) Processed features for key 00110001
VLOG[2] (compute-mfcc-feats[5.5.582~1-ba92]:main():compute-mfcc-feats.cc:182) Processed features for key 00110002
LOG (compute-mfcc-feats[5.5.582~1-ba92]:main():compute-mfcc-feats.cc:181) Processed 40 utterances
VLOG[2] (compute-mfcc-feats[5.5.582~1-ba92]:main():compute-mfcc-feats.cc:182) Processed features for key 00110003
VLOG[2] (compute-mfcc-feats[5.5.582~1-ba92]:main():compute-mfcc-feats.cc:182) Processed features for key 00110004
VLOG[2] (compute-mfcc-feats[5.5.582~1-ba92]:main():compute-mfcc-feats.cc:182) Processed features for key 00110005
VLOG[2] (compute-mfcc-feats[5.5.582~1-ba92]:main():compute-mfcc-feats.cc:182) Processed features for key 00110006
VLOG[2] (compute-mfcc-feats[5.5.582~1-ba92]:main():compute-mfcc-feats.cc:182) Processed features for key 00110007
VLOG[2] (compute-mfcc-feats[5.5.582~1-ba92]:main():compute-mfcc-feats.cc:182) Processed features for key 00110008
VLOG[2] (compute-mfcc-feats[5.5.582~1-ba92]:main():compute-mfcc-feats.cc:182) Processed features for key 00110009
VLOG[2] (compute-mfcc-feats[5.5.582~1-ba92]:main():compute-mfcc-feats.cc:182) Processed features for key 00110010
VLOG[2] (compute-mfcc-feats[5.5.582~1-ba92]:main():compute-mfcc-feats.cc:182) Processed features for key 00110011
VLOG[2] (compute-mfcc-feats[5.5.582~1-ba92]:main():compute-mfcc-feats.cc:182) Processed features for key 00110012
LOG (compute-mfcc-feats[5.5.582~1-ba92]:main():compute-mfcc-feats.cc:181) Processed 50 utterances
VLOG[2] (compute-mfcc-feats[5.5.582~1-ba92]:main():compute-mfcc-feats.cc:182) Processed features for key 00120014
VLOG[2] (compute-mfcc-feats[5.5.582~1-ba92]:main():compute-mfcc-feats.cc:182) Processed features for key 00130005
VLOG[2] (compute-mfcc-feats[5.5.582~1-ba92]:main():compute-mfcc-feats.cc:182) Processed features for key 00130006
VLOG[2] (compute-mfcc-feats[5.5.582~1-ba92]:main():compute-mfcc-feats.cc:182) Processed features for key 00130007
VLOG[2] (compute-mfcc-feats[5.5.582~1-ba92]:main():compute-mfcc-feats.cc:182) Processed features for key 00130008
VLOG[2] (compute-mfcc-feats[5.5.582~1-ba92]:main():compute-mfcc-feats.cc:182) Processed features for key 00130009
VLOG[2] (compute-mfcc-feats[5.5.582~1-ba92]:main():compute-mfcc-feats.cc:182) Processed features for key 00130010
VLOG[2] (compute-mfcc-feats[5.5.582~1-ba92]:main():compute-mfcc-feats.cc:182) Processed features for key 00150001
VLOG[2] (compute-mfcc-feats[5.5.582~1-ba92]:main():compute-mfcc-feats.cc:182) Processed features for key 00150002
LOG (compute-mfcc-feats[5.5.582~1-ba92]:main():compute-mfcc-feats.cc:185)  Done 58 out of 58 utterances.
LOG (copy-feats[5.5.582~1-ba92]:main():copy-feats.cc:143) Copied 58 feature matrices.
# Accounting: time=5 threads=1
# Ended (code 0) at Wed Feb 12 17:22:53 UTC 2020, elapsed time 5 seconds
